# JRE version: OpenJDK Runtime Environment (8.0_202-b03) (build 1.8.0_202-release-1483-b03)
# Java VM: OpenJDK 64-Bit Server VM (25.202-b03 mixed mode windows-amd64 compressed oops)
Heap:
 PSYoungGen      total 419328K, used 175722K [0x00000000e0000000, 0x0000000100000000, 0x0000000100000000)
  eden space 314368K, 51% used [0x00000000e0000000,0x00000000e9e57560,0x00000000f3300000)
  from space 104960K, 12% used [0x00000000f3300000,0x00000000f4043348,0x00000000f9980000)
  to   space 102400K, 0% used [0x00000000f9c00000,0x00000000f9c00000,0x0000000100000000)
 ParOldGen       total 410112K, used 89873K [0x00000000a0000000, 0x00000000b9080000, 0x00000000e0000000)
  object space 410112K, 21% used [0x00000000a0000000,0x00000000a57c45e0,0x00000000b9080000)
 Metaspace       used 99485K, capacity 105792K, committed 106072K, reserved 1142784K
  class space    used 12330K, capacity 13414K, committed 13440K, reserved 1048576K
GC Heap History (10 events):
Event: 1301.821 GC heap before
{Heap before GC invocations=47 (full 4):
 PSYoungGen      total 388096K, used 320279K [0x00000000e0000000, 0x00000000fe380000, 0x0000000100000000)
  eden space 303616K, 100% used [0x00000000e0000000,0x00000000f2880000,0x00000000f2880000)
  from space 84480K, 19% used [0x00000000f9100000,0x00000000fa145df8,0x00000000fe380000)
  to   space 95744K, 0% used [0x00000000f2880000,0x00000000f2880000,0x00000000f8600000)
 ParOldGen       total 410112K, used 89409K [0x00000000a0000000, 0x00000000b9080000, 0x00000000e0000000)
  object space 410112K, 21% used [0x00000000a0000000,0x00000000a57505e0,0x00000000b9080000)
 Metaspace       used 97462K, capacity 102808K, committed 102872K, reserved 1138688K
  class space    used 12077K, capacity 13024K, committed 13056K, reserved 1048576K
Event: 1301.875 GC heap after
Heap after GC invocations=47 (full 4):
 PSYoungGen      total 344576K, used 48224K [0x00000000e0000000, 0x00000000fdb00000, 0x0000000100000000)
  eden space 295936K, 0% used [0x00000000e0000000,0x00000000e0000000,0x00000000f2100000)
  from space 48640K, 99% used [0x00000000f2880000,0x00000000f5798308,0x00000000f5800000)
  to   space 95232K, 0% used [0x00000000f7e00000,0x00000000f7e00000,0x00000000fdb00000)
 ParOldGen       total 410112K, used 89409K [0x00000000a0000000, 0x00000000b9080000, 0x00000000e0000000)
  object space 410112K, 21% used [0x00000000a0000000,0x00000000a57505e0,0x00000000b9080000)
 Metaspace       used 97462K, capacity 102808K, committed 102872K, reserved 1138688K
  class space    used 12077K, capacity 13024K, committed 13056K, reserved 1048576K
}
Event: 1306.469 GC heap before
{Heap before GC invocations=48 (full 4):
 PSYoungGen      total 344576K, used 344160K [0x00000000e0000000, 0x00000000fdb00000, 0x0000000100000000)
  eden space 295936K, 100% used [0x00000000e0000000,0x00000000f2100000,0x00000000f2100000)
  from space 48640K, 99% used [0x00000000f2880000,0x00000000f5798308,0x00000000f5800000)
  to   space 95232K, 0% used [0x00000000f7e00000,0x00000000f7e00000,0x00000000fdb00000)
 ParOldGen       total 410112K, used 89409K [0x00000000a0000000, 0x00000000b9080000, 0x00000000e0000000)
  object space 410112K, 21% used [0x00000000a0000000,0x00000000a57505e0,0x00000000b9080000)
 Metaspace       used 97501K, capacity 102808K, committed 102872K, reserved 1138688K
  class space    used 12077K, capacity 13024K, committed 13056K, reserved 1048576K
Event: 1306.662 GC heap after
Heap after GC invocations=48 (full 4):
 PSYoungGen      total 390656K, used 50815K [0x00000000e0000000, 0x0000000100000000, 0x0000000100000000)
  eden space 295424K, 0% used [0x00000000e0000000,0x00000000e0000000,0x00000000f2080000)
  from space 95232K, 53% used [0x00000000f7e00000,0x00000000faf9fd08,0x00000000fdb00000)
  to   space 95744K, 0% used [0x00000000f2080000,0x00000000f2080000,0x00000000f7e00000)
 ParOldGen       total 410112K, used 89409K [0x00000000a0000000, 0x00000000b9080000, 0x00000000e0000000)
  object space 410112K, 21% used [0x00000000a0000000,0x00000000a57505e0,0x00000000b9080000)
 Metaspace       used 97501K, capacity 102808K, committed 102872K, reserved 1138688K
  class space    used 12077K, capacity 13024K, committed 13056K, reserved 1048576K
}
Event: 1417.184 GC heap before
{Heap before GC invocations=49 (full 4):
 PSYoungGen      total 390656K, used 346239K [0x00000000e0000000, 0x0000000100000000, 0x0000000100000000)
  eden space 295424K, 100% used [0x00000000e0000000,0x00000000f2080000,0x00000000f2080000)
  from space 95232K, 53% used [0x00000000f7e00000,0x00000000faf9fd08,0x00000000fdb00000)
  to   space 95744K, 0% used [0x00000000f2080000,0x00000000f2080000,0x00000000f7e00000)
 ParOldGen       total 410112K, used 89409K [0x00000000a0000000, 0x00000000b9080000, 0x00000000e0000000)
  object space 410112K, 21% used [0x00000000a0000000,0x00000000a57505e0,0x00000000b9080000)
 Metaspace       used 97626K, capacity 102918K, committed 103128K, reserved 1138688K
  class space    used 12082K, capacity 13031K, committed 13056K, reserved 1048576K
Event: 1417.197 GC heap after
Heap after GC invocations=49 (full 4):
 PSYoungGen      total 391168K, used 15763K [0x00000000e0000000, 0x00000000ffa80000, 0x0000000100000000)
  eden space 295424K, 0% used [0x00000000e0000000,0x00000000e0000000,0x00000000f2080000)
  from space 95744K, 16% used [0x00000000f2080000,0x00000000f2fe4cc8,0x00000000f7e00000)
  to   space 92672K, 0% used [0x00000000fa000000,0x00000000fa000000,0x00000000ffa80000)
 ParOldGen       total 410112K, used 89641K [0x00000000a0000000, 0x00000000b9080000, 0x00000000e0000000)
  object space 410112K, 21% used [0x00000000a0000000,0x00000000a578a5e0,0x00000000b9080000)
 Metaspace       used 97626K, capacity 102918K, committed 103128K, reserved 1138688K
  class space    used 12082K, capacity 13031K, committed 13056K, reserved 1048576K
}
Event: 1419.001 GC heap before
{Heap before GC invocations=50 (full 4):
 PSYoungGen      total 391168K, used 311187K [0x00000000e0000000, 0x00000000ffa80000, 0x0000000100000000)
  eden space 295424K, 100% used [0x00000000e0000000,0x00000000f2080000,0x00000000f2080000)
  from space 95744K, 16% used [0x00000000f2080000,0x00000000f2fe4cc8,0x00000000f7e00000)
  to   space 92672K, 0% used [0x00000000fa000000,0x00000000fa000000,0x00000000ffa80000)
 ParOldGen       total 410112K, used 89641K [0x00000000a0000000, 0x00000000b9080000, 0x00000000e0000000)
  object space 410112K, 21% used [0x00000000a0000000,0x00000000a578a5e0,0x00000000b9080000)
 Metaspace       used 98599K, capacity 103932K, committed 104024K, reserved 1140736K
  class space    used 12179K, capacity 13136K, committed 13184K, reserved 1048576K
Event: 1419.058 GC heap after
Heap after GC invocations=50 (full 4):
 PSYoungGen      total 407040K, used 81307K [0x00000000e0000000, 0x0000000100000000, 0x0000000100000000)
  eden space 314368K, 0% used [0x00000000e0000000,0x00000000e0000000,0x00000000f3300000)
  from space 92672K, 87% used [0x00000000fa000000,0x00000000fef66d20,0x00000000ffa80000)
  to   space 104960K, 0% used [0x00000000f3300000,0x00000000f3300000,0x00000000f9980000)
 ParOldGen       total 410112K, used 89825K [0x00000000a0000000, 0x00000000b9080000, 0x00000000e0000000)
  object space 410112K, 21% used [0x00000000a0000000,0x00000000a57b85e0,0x00000000b9080000)
 Metaspace       used 98599K, capacity 103932K, committed 104024K, reserved 1140736K
  class space    used 12179K, capacity 13136K, committed 13184K, reserved 1048576K
}
Event: 1422.847 GC heap before
{Heap before GC invocations=51 (full 4):
 PSYoungGen      total 407040K, used 395675K [0x00000000e0000000, 0x0000000100000000, 0x0000000100000000)
  eden space 314368K, 100% used [0x00000000e0000000,0x00000000f3300000,0x00000000f3300000)
  from space 92672K, 87% used [0x00000000fa000000,0x00000000fef66d20,0x00000000ffa80000)
  to   space 104960K, 0% used [0x00000000f3300000,0x00000000f3300000,0x00000000f9980000)
 ParOldGen       total 410112K, used 89825K [0x00000000a0000000, 0x00000000b9080000, 0x00000000e0000000)
  object space 410112K, 21% used [0x00000000a0000000,0x00000000a57b85e0,0x00000000b9080000)
 Metaspace       used 98692K, capacity 103996K, committed 104280K, reserved 1140736K
  class space    used 12179K, capacity 13136K, committed 13184K, reserved 1048576K
Event: 1422.858 GC heap after
Heap after GC invocations=51 (full 4):
 PSYoungGen      total 419328K, used 13580K [0x00000000e0000000, 0x0000000100000000, 0x0000000100000000)
  eden space 314368K, 0% used [0x00000000e0000000,0x00000000e0000000,0x00000000f3300000)
  from space 104960K, 12% used [0x00000000f3300000,0x00000000f4043348,0x00000000f9980000)
  to   space 102400K, 0% used [0x00000000f9c00000,0x00000000f9c00000,0x0000000100000000)
 ParOldGen       total 410112K, used 89873K [0x00000000a0000000, 0x00000000b9080000, 0x00000000e0000000)
  object space 410112K, 21% used [0x00000000a0000000,0x00000000a57c45e0,0x00000000b9080000)
 Metaspace       used 98692K, capacity 103996K, committed 104280K, reserved 1140736K
  class space    used 12179K, capacity 13136K, committed 13184K, reserved 1048576K
}

