# JRE version: OpenJDK Runtime Environment (8.0_202-b03) (build 1.8.0_202-release-1483-b03)
# Java VM: OpenJDK 64-Bit Server VM (25.202-b03 mixed mode windows-amd64 compressed oops)
Heap:
 PSYoungGen      total 318976K, used 90908K [0x00000000e0000000, 0x00000000f8080000, 0x0000000100000000)
  eden space 282112K, 19% used [0x00000000e0000000,0x00000000e34f4820,0x00000000f1380000)
  from space 36864K, 99% used [0x00000000f1c00000,0x00000000f3fd2a68,0x00000000f4000000)
  to   space 55808K, 0% used [0x00000000f4a00000,0x00000000f4a00000,0x00000000f8080000)
 ParOldGen       total 215040K, used 88370K [0x00000000a0000000, 0x00000000ad200000, 0x00000000e0000000)
  object space 215040K, 41% used [0x00000000a0000000,0x00000000a564cbc8,0x00000000ad200000)
 Metaspace       used 77076K, capacity 80616K, committed 80856K, reserved 1120256K
  class space    used 9967K, capacity 10663K, committed 10752K, reserved 1048576K
GC Heap History (10 events):
Event: 104.239 GC heap before
{Heap before GC invocations=12 (full 3):
 PSYoungGen      total 237056K, used 216064K [0x00000000e0000000, 0x00000000f0100000, 0x0000000100000000)
  eden space 216064K, 100% used [0x00000000e0000000,0x00000000ed300000,0x00000000ed300000)
  from space 20992K, 0% used [0x00000000eeb00000,0x00000000eeb00000,0x00000000eff80000)
  to   space 23552K, 0% used [0x00000000ed300000,0x00000000ed300000,0x00000000eea00000)
 ParOldGen       total 215040K, used 33854K [0x00000000a0000000, 0x00000000ad200000, 0x00000000e0000000)
  object space 215040K, 15% used [0x00000000a0000000,0x00000000a210f990,0x00000000ad200000)
 Metaspace       used 60332K, capacity 62454K, committed 62680K, reserved 1103872K
  class space    used 7969K, capacity 8410K, committed 8448K, reserved 1048576K
Event: 104.253 GC heap after
Heap after GC invocations=12 (full 3):
 PSYoungGen      total 239616K, used 10499K [0x00000000e0000000, 0x00000000f3000000, 0x0000000100000000)
  eden space 216064K, 0% used [0x00000000e0000000,0x00000000e0000000,0x00000000ed300000)
  from space 23552K, 44% used [0x00000000ed300000,0x00000000edd40d08,0x00000000eea00000)
  to   space 23040K, 0% used [0x00000000f1980000,0x00000000f1980000,0x00000000f3000000)
 ParOldGen       total 215040K, used 33862K [0x00000000a0000000, 0x00000000ad200000, 0x00000000e0000000)
  object space 215040K, 15% used [0x00000000a0000000,0x00000000a2111990,0x00000000ad200000)
 Metaspace       used 60332K, capacity 62454K, committed 62680K, reserved 1103872K
  class space    used 7969K, capacity 8410K, committed 8448K, reserved 1048576K
}
Event: 107.035 GC heap before
{Heap before GC invocations=13 (full 3):
 PSYoungGen      total 239616K, used 226563K [0x00000000e0000000, 0x00000000f3000000, 0x0000000100000000)
  eden space 216064K, 100% used [0x00000000e0000000,0x00000000ed300000,0x00000000ed300000)
  from space 23552K, 44% used [0x00000000ed300000,0x00000000edd40d08,0x00000000eea00000)
  to   space 23040K, 0% used [0x00000000f1980000,0x00000000f1980000,0x00000000f3000000)
 ParOldGen       total 215040K, used 33862K [0x00000000a0000000, 0x00000000ad200000, 0x00000000e0000000)
  object space 215040K, 15% used [0x00000000a0000000,0x00000000a2111990,0x00000000ad200000)
 Metaspace       used 73101K, capacity 76060K, committed 76248K, reserved 1116160K
  class space    used 9624K, capacity 10227K, committed 10240K, reserved 1048576K
Event: 107.092 GC heap after
Heap after GC invocations=13 (full 3):
 PSYoungGen      total 272384K, used 23020K [0x00000000e0000000, 0x00000000f5180000, 0x0000000100000000)
  eden space 249344K, 0% used [0x00000000e0000000,0x00000000e0000000,0x00000000ef380000)
  from space 23040K, 99% used [0x00000000f1980000,0x00000000f2ffb1c0,0x00000000f3000000)
  to   space 38912K, 0% used [0x00000000ef380000,0x00000000ef380000,0x00000000f1980000)
 ParOldGen       total 215040K, used 69509K [0x00000000a0000000, 0x00000000ad200000, 0x00000000e0000000)
  object space 215040K, 32% used [0x00000000a0000000,0x00000000a43e1428,0x00000000ad200000)
 Metaspace       used 73101K, capacity 76060K, committed 76248K, reserved 1116160K
  class space    used 9624K, capacity 10227K, committed 10240K, reserved 1048576K
}
Event: 156.720 GC heap before
{Heap before GC invocations=14 (full 3):
 PSYoungGen      total 272384K, used 272364K [0x00000000e0000000, 0x00000000f5180000, 0x0000000100000000)
  eden space 249344K, 100% used [0x00000000e0000000,0x00000000ef380000,0x00000000ef380000)
  from space 23040K, 99% used [0x00000000f1980000,0x00000000f2ffb1c0,0x00000000f3000000)
  to   space 38912K, 0% used [0x00000000ef380000,0x00000000ef380000,0x00000000f1980000)
 ParOldGen       total 215040K, used 69509K [0x00000000a0000000, 0x00000000ad200000, 0x00000000e0000000)
  object space 215040K, 32% used [0x00000000a0000000,0x00000000a43e1428,0x00000000ad200000)
 Metaspace       used 75565K, capacity 78794K, committed 78936K, reserved 1118208K
  class space    used 9875K, capacity 10548K, committed 10624K, reserved 1048576K
Event: 156.759 GC heap after
Heap after GC invocations=14 (full 3):
 PSYoungGen      total 288256K, used 38897K [0x00000000e0000000, 0x00000000f8800000, 0x0000000100000000)
  eden space 249344K, 0% used [0x00000000e0000000,0x00000000e0000000,0x00000000ef380000)
  from space 38912K, 99% used [0x00000000ef380000,0x00000000f197c7a0,0x00000000f1980000)
  to   space 50688K, 0% used [0x00000000f5680000,0x00000000f5680000,0x00000000f8800000)
 ParOldGen       total 215040K, used 85139K [0x00000000a0000000, 0x00000000ad200000, 0x00000000e0000000)
  object space 215040K, 39% used [0x00000000a0000000,0x00000000a5324f78,0x00000000ad200000)
 Metaspace       used 75565K, capacity 78794K, committed 78936K, reserved 1118208K
  class space    used 9875K, capacity 10548K, committed 10624K, reserved 1048576K
}
Event: 686.015 GC heap before
{Heap before GC invocations=15 (full 3):
 PSYoungGen      total 288256K, used 288241K [0x00000000e0000000, 0x00000000f8800000, 0x0000000100000000)
  eden space 249344K, 100% used [0x00000000e0000000,0x00000000ef380000,0x00000000ef380000)
  from space 38912K, 99% used [0x00000000ef380000,0x00000000f197c7a0,0x00000000f1980000)
  to   space 50688K, 0% used [0x00000000f5680000,0x00000000f5680000,0x00000000f8800000)
 ParOldGen       total 215040K, used 85139K [0x00000000a0000000, 0x00000000ad200000, 0x00000000e0000000)
  object space 215040K, 39% used [0x00000000a0000000,0x00000000a5324f78,0x00000000ad200000)
 Metaspace       used 76245K, capacity 79510K, committed 79704K, reserved 1118208K
  class space    used 9889K, capacity 10560K, committed 10624K, reserved 1048576K
Event: 686.059 GC heap after
Heap after GC invocations=15 (full 3):
 PSYoungGen      total 338432K, used 37518K [0x00000000e0000000, 0x00000000f8500000, 0x0000000100000000)
  eden space 290816K, 0% used [0x00000000e0000000,0x00000000e0000000,0x00000000f1c00000)
  from space 47616K, 78% used [0x00000000f5680000,0x00000000f7b239a8,0x00000000f8500000)
  to   space 53760K, 0% used [0x00000000f1c00000,0x00000000f1c00000,0x00000000f5080000)
 ParOldGen       total 215040K, used 88370K [0x00000000a0000000, 0x00000000ad200000, 0x00000000e0000000)
  object space 215040K, 41% used [0x00000000a0000000,0x00000000a564cbc8,0x00000000ad200000)
 Metaspace       used 76245K, capacity 79510K, committed 79704K, reserved 1118208K
  class space    used 9889K, capacity 10560K, committed 10624K, reserved 1048576K
}
Event: 712.455 GC heap before
{Heap before GC invocations=16 (full 3):
 PSYoungGen      total 338432K, used 328334K [0x00000000e0000000, 0x00000000f8500000, 0x0000000100000000)
  eden space 290816K, 100% used [0x00000000e0000000,0x00000000f1c00000,0x00000000f1c00000)
  from space 47616K, 78% used [0x00000000f5680000,0x00000000f7b239a8,0x00000000f8500000)
  to   space 53760K, 0% used [0x00000000f1c00000,0x00000000f1c00000,0x00000000f5080000)
 ParOldGen       total 215040K, used 88370K [0x00000000a0000000, 0x00000000ad200000, 0x00000000e0000000)
  object space 215040K, 41% used [0x00000000a0000000,0x00000000a564cbc8,0x00000000ad200000)
 Metaspace       used 76973K, capacity 80616K, committed 80856K, reserved 1120256K
  class space    used 9966K, capacity 10663K, committed 10752K, reserved 1048576K
Event: 712.521 GC heap after
Heap after GC invocations=16 (full 3):
 PSYoungGen      total 318976K, used 36682K [0x00000000e0000000, 0x00000000f8080000, 0x0000000100000000)
  eden space 282112K, 0% used [0x00000000e0000000,0x00000000e0000000,0x00000000f1380000)
  from space 36864K, 99% used [0x00000000f1c00000,0x00000000f3fd2a68,0x00000000f4000000)
  to   space 55808K, 0% used [0x00000000f4a00000,0x00000000f4a00000,0x00000000f8080000)
 ParOldGen       total 215040K, used 88370K [0x00000000a0000000, 0x00000000ad200000, 0x00000000e0000000)
  object space 215040K, 41% used [0x00000000a0000000,0x00000000a564cbc8,0x00000000ad200000)
 Metaspace       used 76973K, capacity 80616K, committed 80856K, reserved 1120256K
  class space    used 9966K, capacity 10663K, committed 10752K, reserved 1048576K
}

